<?xml version="1.0" encoding="UTF-8"?>
<!-- Generated by org.testng.reporters.JUnitReportReporter -->
<testsuite hostname="YLMF-1711181457" name="com.mjitech.qa.test.SetUserPasswrod" tests="1" failures="0" timestamp="25 May 2018 06:36:43 GMT" time="0.551" errors="0">
  <testcase name="setUserPassword" time="0.551" classname="com.mjitech.qa.test.SetUserPasswrod"/>
</testsuite> <!-- com.mjitech.qa.test.SetUserPasswrod -->
