<?xml version="1.0" encoding="UTF-8"?>
<!-- Generated by org.testng.reporters.JUnitReportReporter -->
<testsuite hostname="YLMF-1711181457" name="com.mjitech.qa.test.ListFault" tests="1" failures="0" timestamp="29 Sep 2018 03:03:42 GMT" time="0.046" errors="0">
  <testcase name="list_fault" time="0.046" classname="com.mjitech.qa.test.ListFault"/>
</testsuite> <!-- com.mjitech.qa.test.ListFault -->
