<?xml version="1.0" encoding="UTF-8"?>
<!-- Generated by org.testng.reporters.JUnitReportReporter -->
<testsuite hostname="YLMF-1711181457" name="com.mjitech.qa.test.ListFault" tests="1" failures="0" timestamp="31 Jul 2018 03:33:04 GMT" time="0.076" errors="0">
  <testcase name="list_fault" time="0.076" classname="com.mjitech.qa.test.ListFault"/>
</testsuite> <!-- com.mjitech.qa.test.ListFault -->
