<?xml version="1.0" encoding="UTF-8"?>
<!-- Generated by org.testng.reporters.JUnitReportReporter -->
<testsuite hostname="YLMF-1711181457" name="com.mjitech.qa.test.UpdateDoorClose" tests="1" failures="0" timestamp="9 Aug 2018 05:57:37 GMT" time="0.026" errors="0">
  <testcase name="update_close_door" time="0.026" classname="com.mjitech.qa.test.UpdateDoorClose"/>
</testsuite> <!-- com.mjitech.qa.test.UpdateDoorClose -->
