<?xml version="1.0" encoding="UTF-8"?>
<!-- Generated by org.testng.reporters.JUnitReportReporter -->
<testsuite hostname="YLMF-1711181457" name="com.mjitech.qa.test.UploadImageList" tests="1" failures="0" timestamp="7 Nov 2018 09:05:52 GMT" time="0.037" errors="0">
  <testcase name="fault" time="0.037" classname="com.mjitech.qa.test.UploadImageList"/>
</testsuite> <!-- com.mjitech.qa.test.UploadImageList -->
