<?xml version="1.0" encoding="UTF-8"?>
<!-- Generated by org.testng.reporters.JUnitReportReporter -->
<testsuite hostname="YLMF-1711181457" name="com.mjitech.qa.test.Login" tests="5" failures="0" timestamp="7 Jun 2018 01:58:56 GMT" time="2.067" errors="0">
  <testcase name="login" time="0.035" classname="com.mjitech.qa.test.Login"/>
  <testcase name="login" time="0.031" classname="com.mjitech.qa.test.Login"/>
  <testcase name="login" time="0.032" classname="com.mjitech.qa.test.Login"/>
  <testcase name="login" time="1.932" classname="com.mjitech.qa.test.Login"/>
  <testcase name="login" time="0.037" classname="com.mjitech.qa.test.Login"/>
</testsuite> <!-- com.mjitech.qa.test.Login -->
