<?xml version="1.0" encoding="UTF-8"?>
<!-- Generated by org.testng.reporters.JUnitReportReporter -->
<testsuite hostname="YLMF-1711181457" name="com.mjitech.qa.test.Login" tests="5" failures="0" timestamp="26 Oct 2018 13:49:14 GMT" time="1.103" errors="0">
  <testcase name="login" time="0.058" classname="com.mjitech.qa.test.Login"/>
  <testcase name="login" time="0.051" classname="com.mjitech.qa.test.Login"/>
  <testcase name="login" time="0.050" classname="com.mjitech.qa.test.Login"/>
  <testcase name="login" time="0.261" classname="com.mjitech.qa.test.Login"/>
  <testcase name="login" time="0.683" classname="com.mjitech.qa.test.Login"/>
</testsuite> <!-- com.mjitech.qa.test.Login -->
