<?xml version="1.0" encoding="UTF-8"?>
<!-- Generated by org.testng.reporters.JUnitReportReporter -->
<testsuite hostname="YLMF-1711181457" name="com.mjitech.qa.test.AddSkuToCart" tests="7" failures="0" timestamp="9 Nov 2018 06:05:12 GMT" time="1.174" errors="0">
  <testcase name="getPayUrl" time="0.059" classname="com.mjitech.qa.test.AddSkuToCart"/>
  <testcase name="submitCart" time="0.131" classname="com.mjitech.qa.test.AddSkuToCart"/>
  <testcase name="get_order_detail_by_takingnumber" time="0.111" classname="com.mjitech.qa.test.AddSkuToCart"/>
  <testcase name="wxpay_callback_test" time="0.075" classname="com.mjitech.qa.test.AddSkuToCart"/>
  <testcase name="get_order_detail" time="0.063" classname="com.mjitech.qa.test.AddSkuToCart"/>
  <testcase name="update_order_status" time="0.197" classname="com.mjitech.qa.test.AddSkuToCart"/>
  <testcase name="add_sku_to_cart" time="0.538" classname="com.mjitech.qa.test.AddSkuToCart"/>
</testsuite> <!-- com.mjitech.qa.test.AddSkuToCart -->
