<?xml version="1.0" encoding="UTF-8"?>
<!-- Generated by org.testng.reporters.JUnitReportReporter -->
<testsuite hostname="YLMF-1711181457" name="com.mjitech.qa.test.OrderDetail" tests="1" failures="0" timestamp="29 May 2018 10:19:33 GMT" time="0.569" errors="0">
  <testcase name="testOrder" time="0.569" classname="com.mjitech.qa.test.OrderDetail"/>
</testsuite> <!-- com.mjitech.qa.test.OrderDetail -->
