<?xml version="1.0" encoding="UTF-8"?>
<!-- Generated by org.testng.reporters.JUnitReportReporter -->
<testsuite hostname="YLMF-1711181457" name="com.mjitech.qa.test.GetMachineData" tests="1" failures="0" timestamp="21 Aug 2018 07:27:34 GMT" time="0.534" errors="0">
  <testcase name="getMachineData" time="0.534" classname="com.mjitech.qa.test.GetMachineData"/>
</testsuite> <!-- com.mjitech.qa.test.GetMachineData -->
