<?xml version="1.0" encoding="UTF-8"?>
<!-- Generated by org.testng.reporters.JUnitReportReporter -->
<testsuite hostname="YLMF-1711181457" name="com.mjitech.qa.test.UpdateDoorClose" tests="1" failures="0" timestamp="28 Sep 2018 11:57:24 GMT" time="0.031" errors="0">
  <testcase name="update_close_door" time="0.031" classname="com.mjitech.qa.test.UpdateDoorClose"/>
</testsuite> <!-- com.mjitech.qa.test.UpdateDoorClose -->
