<?xml version="1.0" encoding="UTF-8"?>
<!-- Generated by org.testng.reporters.JUnitReportReporter -->
<testsuite hostname="YLMF-1711181457" name="com.mjitech.qa.test.Login" tests="5" failures="0" timestamp="28 Sep 2018 11:57:24 GMT" time="0.845" errors="0">
  <testcase name="login" time="0.573" classname="com.mjitech.qa.test.Login"/>
  <testcase name="login" time="0.081" classname="com.mjitech.qa.test.Login"/>
  <testcase name="login" time="0.064" classname="com.mjitech.qa.test.Login"/>
  <testcase name="login" time="0.057" classname="com.mjitech.qa.test.Login"/>
  <testcase name="login" time="0.070" classname="com.mjitech.qa.test.Login"/>
</testsuite> <!-- com.mjitech.qa.test.Login -->
