<?xml version="1.0" encoding="UTF-8"?>
<!-- Generated by org.testng.reporters.JUnitReportReporter -->
<testsuite hostname="YLMF-1711181457" name="com.mjitech.qa.test.Login" tests="5" failures="0" timestamp="7 Nov 2018 09:05:52 GMT" time="0.831" errors="0">
  <testcase name="login" time="0.059" classname="com.mjitech.qa.test.Login"/>
  <testcase name="login" time="0.044" classname="com.mjitech.qa.test.Login"/>
  <testcase name="login" time="0.047" classname="com.mjitech.qa.test.Login"/>
  <testcase name="login" time="0.031" classname="com.mjitech.qa.test.Login"/>
  <testcase name="login" time="0.650" classname="com.mjitech.qa.test.Login"/>
</testsuite> <!-- com.mjitech.qa.test.Login -->
