<?xml version="1.0" encoding="UTF-8"?>
<!-- Generated by org.testng.reporters.JUnitReportReporter -->
<testsuite hostname="YLMF-1711181457" name="com.mjitech.qa.test.AddSkuToCart" tests="4" failures="0" timestamp="25 Jun 2018 11:28:32 GMT" time="2.156" errors="0">
  <testcase name="add_sku_to_cart" time="0.684" classname="com.mjitech.qa.test.AddSkuToCart"/>
  <testcase name="submitCart" time="0.575" classname="com.mjitech.qa.test.AddSkuToCart"/>
  <testcase name="wxpay_callback_test" time="0.806" classname="com.mjitech.qa.test.AddSkuToCart"/>
  <testcase name="getPayUrl" time="0.091" classname="com.mjitech.qa.test.AddSkuToCart"/>
</testsuite> <!-- com.mjitech.qa.test.AddSkuToCart -->
