<?xml version="1.0" encoding="UTF-8"?>
<!-- Generated by org.testng.reporters.JUnitReportReporter -->
<testsuite hostname="YLMF-1711181457" name="com.mjitech.qa.test.TestDemo" tests="1" failures="0" timestamp="23 May 2018 03:01:29 GMT" time="0.509" errors="0">
  <testcase name="get_paged_mainpage_data" time="0.509" classname="com.mjitech.qa.test.TestDemo"/>
</testsuite> <!-- com.mjitech.qa.test.TestDemo -->
