<?xml version="1.0" encoding="UTF-8"?>
<!-- Generated by org.testng.reporters.JUnitReportReporter -->
<testsuite hostname="YLMF-1711181457" name="com.mjitech.qa.test.Login" tests="5" failures="0" timestamp="9 Aug 2018 05:57:37 GMT" time="0.562" errors="0">
  <testcase name="login" time="0.032" classname="com.mjitech.qa.test.Login"/>
  <testcase name="login" time="0.028" classname="com.mjitech.qa.test.Login"/>
  <testcase name="login" time="0.440" classname="com.mjitech.qa.test.Login"/>
  <testcase name="login" time="0.033" classname="com.mjitech.qa.test.Login"/>
  <testcase name="login" time="0.029" classname="com.mjitech.qa.test.Login"/>
</testsuite> <!-- com.mjitech.qa.test.Login -->
