<?xml version="1.0" encoding="UTF-8"?>
<!-- Generated by org.testng.reporters.JUnitReportReporter -->
<testsuite hostname="YLMF-1711181457" name="com.mjitech.qa.test.GetMachineData27" tests="1" failures="0" timestamp="24 Aug 2018 03:15:32 GMT" time="3.721" errors="0">
  <testcase name="getMachineData13" time="3.721" classname="com.mjitech.qa.test.GetMachineData27"/>
</testsuite> <!-- com.mjitech.qa.test.GetMachineData27 -->
