<?xml version="1.0" encoding="UTF-8"?>
<!-- Generated by org.testng.reporters.JUnitReportReporter -->
<testsuite hostname="YLMF-1711181457" name="com.mjitech.qa.test.UploadImageList" tests="1" failures="0" timestamp="17 Aug 2018 14:06:09 GMT" time="0.453" errors="0">
  <testcase name="fault" time="0.453" classname="com.mjitech.qa.test.UploadImageList"/>
</testsuite> <!-- com.mjitech.qa.test.UploadImageList -->
