<?xml version="1.0" encoding="UTF-8"?>
<!-- Generated by org.testng.reporters.JUnitReportReporter -->
<testsuite hostname="YLMF-1711181457" name="com.mjitech.qa.test.FlagInterface" tests="1" failures="0" timestamp="12 Nov 2018 09:25:40 GMT" time="0.736" errors="0">
  <testcase name="getAlowedTaskAction" time="0.736" classname="com.mjitech.qa.test.FlagInterface"/>
</testsuite> <!-- com.mjitech.qa.test.FlagInterface -->
