<?xml version="1.0" encoding="UTF-8"?>
<!-- Generated by org.testng.reporters.JUnitReportReporter -->
<testsuite hostname="YLMF-1711181457" name="com.mjitech.qa.test.TestTypeList" tests="2" failures="0" timestamp="4 Jun 2018 10:31:56 GMT" time="7.767" errors="0">
  <testcase name="login" time="0.660" classname="com.mjitech.qa.test.TestTypeList"/>
  <testcase name="test002" time="7.107" classname="com.mjitech.qa.test.TestTypeList"/>
</testsuite> <!-- com.mjitech.qa.test.TestTypeList -->
