<?xml version="1.0" encoding="UTF-8"?>
<!-- Generated by org.testng.reporters.JUnitReportReporter -->
<testsuite hostname="YLMF-1711181457" name="getMachineData.GetMachineData" tests="1" failures="0" timestamp="30 Jul 2018 03:02:01 GMT" time="202.176" errors="0">
  <testcase name="getMachineData" time="202.176" classname="getMachineData.GetMachineData"/>
</testsuite> <!-- getMachineData.GetMachineData -->
