<?xml version="1.0" encoding="UTF-8"?>
<!-- Generated by org.testng.reporters.JUnitReportReporter -->
<testsuite hostname="YLMF-1711181457" name="com.mjitech.qa.test.GetMachineData" tests="1" failures="0" timestamp="1 Aug 2018 06:12:56 GMT" time="1.902" errors="0">
  <testcase name="getMachineData" time="1.902" classname="com.mjitech.qa.test.GetMachineData"/>
</testsuite> <!-- com.mjitech.qa.test.GetMachineData -->
