<?xml version="1.0" encoding="UTF-8"?>
<!-- Generated by org.testng.reporters.JUnitReportReporter -->
<testsuite hostname="YLMF-1711181457" name="com.mjitech.qa.test.DeleteImageError" tests="1" failures="0" timestamp="2 Aug 2018 07:39:30 GMT" time="0.510" errors="0">
  <testcase name="delete_image_error" time="0.510" classname="com.mjitech.qa.test.DeleteImageError"/>
</testsuite> <!-- com.mjitech.qa.test.DeleteImageError -->
