<?xml version="1.0" encoding="UTF-8"?>
<!-- Generated by org.testng.reporters.JUnitReportReporter -->
<testsuite hostname="YLMF-1711181457" name="com.mjitech.qa.test.AddSkuToCart" tests="7" failures="0" timestamp="29 Oct 2018 03:52:44 GMT" time="1.579" errors="0">
  <testcase name="update_order_status" time="0.204" classname="com.mjitech.qa.test.AddSkuToCart"/>
  <testcase name="add_sku_to_cart" time="0.797" classname="com.mjitech.qa.test.AddSkuToCart"/>
  <testcase name="get_order_detail" time="0.090" classname="com.mjitech.qa.test.AddSkuToCart"/>
  <testcase name="get_order_detail_by_takingnumber" time="0.127" classname="com.mjitech.qa.test.AddSkuToCart"/>
  <testcase name="getPayUrl" time="0.078" classname="com.mjitech.qa.test.AddSkuToCart"/>
  <testcase name="submitCart" time="0.169" classname="com.mjitech.qa.test.AddSkuToCart"/>
  <testcase name="wxpay_callback_test" time="0.114" classname="com.mjitech.qa.test.AddSkuToCart"/>
</testsuite> <!-- com.mjitech.qa.test.AddSkuToCart -->
