<?xml version="1.0" encoding="UTF-8"?>
<!-- Generated by org.testng.reporters.JUnitReportReporter -->
<testsuite hostname="YLMF-1711181457" name="com.mjitech.qa.test.Login" tests="4" failures="0" timestamp="23 May 2018 10:30:44 GMT" time="0.880" errors="0">
  <testcase name="login" time="0.061" classname="com.mjitech.qa.test.Login"/>
  <testcase name="login" time="0.058" classname="com.mjitech.qa.test.Login"/>
  <testcase name="login" time="0.663" classname="com.mjitech.qa.test.Login"/>
  <testcase name="login" time="0.098" classname="com.mjitech.qa.test.Login"/>
</testsuite> <!-- com.mjitech.qa.test.Login -->
